
> nuditos-tejidos@1.0.0 build
> astro build

23:50:10 [WARN] [config] The adapter @astrojs/netlify provides experimental support for "assets". You may experience issues or breaking changes until this feature is fully supported by the adapter.
23:50:10 [types] Generated 109ms
23:50:10 [build] output: "hybrid"
23:50:10 [build] directory: C:\Users\jhona\Downloads\nuditos-astro-paso1\dist\
23:50:10 [build] adapter: @astrojs/netlify
23:50:10 [build] Collecting build info...
23:50:10 [build] Ô£ô Completed in 146ms.
23:50:10 [build] Building hybrid entrypoints...
node.exe : 23:50:11 
[ERROR] [vite] [31mx[39m 
Build failed in 1.27s
En línea: 1 Carácter: 1
+ & "C:\Program 
Files\nodejs/node.exe" 
"C:\Program 
Files\nodejs/node_mo ...
+ ~~~~~~~~~~~~~~~~~~~~~~~~~
~~~~~~~~~~~~~~~~~~~~~~~~~~~
~~~~~~~~~~~~~~~~~
    + CategoryInfo         
     : NotSpecified: (23:  
  50:11 [ERROR...failed    
 in 1.27s:String) [], R    
emoteException
    + FullyQualifiedErrorI 
   d : NativeCommandError
 
Expected ")" but found "}"
  Location:
    C:/Users/jhona/Download
s/nuditos-astro-paso1/src/c
omponents/Catalogo.astro:10
0:10
  Stack trace:
    at failureErrorWithLog 
(C:\Users\jhona\Downloads\n
uditos-astro-paso1\node_mod
ules\esbuild\lib\main.js:14
72:15)
    at responseCallbacks.<c
omputed> (C:\Users\jhona\Do
wnloads\nuditos-astro-paso1
\node_modules\esbuild\lib\m
ain.js:622:9)
    at 
Socket.readFromStdout (C:\U
sers\jhona\Downloads\nudito
s-astro-paso1\node_modules\
esbuild\lib\main.js:600:7)
    at addChunk (node:inter
nal/streams/readable:563:12
)
    at Readable.push (node:
internal/streams/readable:3
94:5)
